2018/05/18 09:56:38.534|00001C58|Information|CTpmUpdateApp::InitializeProperties|******************************************************************
2018/05/18 09:56:38.551|00001C58|Information|CTpmUpdateApp::InitializeProperties|**   Start of HP TPM FW Update session, version 1.0.6.1    **
2018/05/18 09:56:38.567|00001C58|Information|CTpmUpdateApp::InitializeProperties|******************************************************************
2018/05/18 09:56:38.583|00001C58|Information|CTpmUpdateApp::InitializeProperties|Command line: 
2018/05/18 09:56:38.747|00001C58|Information|TpmUpdate::SmbiosInfo::GetSmbiosInfo|Getting SMBIOS information
2018/05/18 09:56:38.792|00001C58|Information|TpmUpdate::PrivateWmiInfo::GetPrivateWmiSettings|m_isGondorBIOS = 1, m_isEspDriveSupported = 1
2018/05/18 09:56:38.809|00001C58|Information|TpmUpdate::PrivateWmiInfo::GetPrivateWmiSettings|, m_isGondorBIOS = 1
2018/05/18 09:56:38.967|00001C58|Information|TpmUpdate::CTPMUpdateInfo::GetTPMInfo|TPM information:
2018/05/18 09:56:38.993|00001C58|Information|TpmUpdate::CTPMUpdateInfo::GetTPMInfo|-------------------------------
2018/05/18 09:56:39.014|00001C58|Information|TpmUpdate::CTPMUpdateInfo::GetTPMInfo|TPM family: 1.2
2018/05/18 09:56:39.031|00001C58|Information|TpmUpdate::CTPMUpdateInfo::GetTPMInfo|TPM firmware version 6.41.197.0
2018/05/18 09:56:39.049|00001C58|Information|TpmUpdate::CTPMUpdateInfo::GetTPMInfo|Remaining updates: More than 3
2018/05/18 09:56:39.068|00001C58|Information|TpmUpdate::CTPMUpdateInfo::GetTPMInfo|TPM owner set: No
2018/05/18 09:56:39.095|00001C58|Information|TpmUpdate::CTPMUpdateInfo::GetTPMInfo|GetTMPFirmwareImageInfo returns 0x00000000
2018/05/18 09:56:45.959|00001C58|Information|CTpmUpdateApp::ShowError|Kan geen geldig TPM BIN-bestand vinden om de firmware over te zetten. Controleer de firmware-versie om te controleren of er een update vereist is voor de firmware.
2018/05/18 09:56:45.978|00001C58|Information|CTpmUpdateApp::ExitInstance|HPTPMFWUpdate Return Code = 257
2018/05/18 09:56:46.034|00001C58|Information|CTpmUpdateApp::ExitInstance|******************   End of HP TPM FW Update session    ******************
2018/05/18 09:57:11.535|00001BE8|Information|CTpmUpdateApp::InitializeProperties|******************************************************************
2018/05/18 09:57:11.561|00001BE8|Information|CTpmUpdateApp::InitializeProperties|**   Start of HP TPM FW Update session, version 1.0.6.1    **
2018/05/18 09:57:11.580|00001BE8|Information|CTpmUpdateApp::InitializeProperties|******************************************************************
2018/05/18 09:57:11.600|00001BE8|Information|CTpmUpdateApp::InitializeProperties|Command line: 
2018/05/18 09:57:11.644|00001BE8|Information|TpmUpdate::SmbiosInfo::GetSmbiosInfo|Getting SMBIOS information
2018/05/18 09:57:11.694|00001BE8|Information|TpmUpdate::PrivateWmiInfo::GetPrivateWmiSettings|m_isGondorBIOS = 1, m_isEspDriveSupported = 1
2018/05/18 09:57:11.712|00001BE8|Information|TpmUpdate::PrivateWmiInfo::GetPrivateWmiSettings|, m_isGondorBIOS = 1
2018/05/18 09:57:11.860|00001BE8|Information|TpmUpdate::CTPMUpdateInfo::GetTPMInfo|TPM information:
2018/05/18 09:57:11.890|00001BE8|Information|TpmUpdate::CTPMUpdateInfo::GetTPMInfo|-------------------------------
2018/05/18 09:57:11.915|00001BE8|Information|TpmUpdate::CTPMUpdateInfo::GetTPMInfo|TPM family: 1.2
2018/05/18 09:57:11.933|00001BE8|Information|TpmUpdate::CTPMUpdateInfo::GetTPMInfo|TPM firmware version 6.41.197.0
2018/05/18 09:57:11.955|00001BE8|Information|TpmUpdate::CTPMUpdateInfo::GetTPMInfo|Remaining updates: More than 3
2018/05/18 09:57:11.974|00001BE8|Information|TpmUpdate::CTPMUpdateInfo::GetTPMInfo|TPM owner set: No
2018/05/18 09:57:11.998|00001BE8|Information|TpmUpdate::CTPMUpdateInfo::GetTPMInfo|GetTMPFirmwareImageInfo returns 0x00000000
2018/05/18 09:57:13.352|00001BE8|Information|CTpmUpdateApp::ShowError|Kan geen geldig TPM BIN-bestand vinden om de firmware over te zetten. Controleer de firmware-versie om te controleren of er een update vereist is voor de firmware.
2018/05/18 09:57:13.372|00001BE8|Information|CTpmUpdateApp::ExitInstance|HPTPMFWUpdate Return Code = 257
2018/05/18 09:57:13.394|00001BE8|Information|CTpmUpdateApp::ExitInstance|******************   End of HP TPM FW Update session    ******************
2018/05/18 10:05:14.904|00000F60|Information|CTpmUpdateApp::InitializeProperties|******************************************************************
2018/05/18 10:05:14.936|00000F60|Information|CTpmUpdateApp::InitializeProperties|**   Start of HP TPM FW Update session, version 1.0.6.1    **
2018/05/18 10:05:15.202|00000F60|Information|CTpmUpdateApp::InitializeProperties|******************************************************************
2018/05/18 10:05:15.342|00000F60|Information|CTpmUpdateApp::InitializeProperties|Command line: 
2018/05/18 10:05:15.577|00000F60|Information|TpmUpdate::SmbiosInfo::GetSmbiosInfo|Getting SMBIOS information
2018/05/18 10:05:15.686|00000F60|Information|TpmUpdate::PrivateWmiInfo::GetPrivateWmiSettings|m_isGondorBIOS = 1, m_isEspDriveSupported = 1
2018/05/18 10:05:15.999|00000F60|Information|TpmUpdate::PrivateWmiInfo::GetPrivateWmiSettings|, m_isGondorBIOS = 1
2018/05/18 10:05:16.109|00000F60|Information|TpmUpdate::CTPMUpdateInfo::GetTPMInfo|TPM information:
2018/05/18 10:05:16.202|00000F60|Information|TpmUpdate::CTPMUpdateInfo::GetTPMInfo|-------------------------------
2018/05/18 10:05:16.593|00000F60|Information|TpmUpdate::CTPMUpdateInfo::GetTPMInfo|TPM family: 1.2
2018/05/18 10:05:16.656|00000F60|Information|TpmUpdate::CTPMUpdateInfo::GetTPMInfo|TPM firmware version 6.40.190.0
2018/05/18 10:05:16.718|00000F60|Information|TpmUpdate::CTPMUpdateInfo::GetTPMInfo|Remaining updates: More than 3
2018/05/18 10:05:16.906|00000F60|Information|TpmUpdate::CTPMUpdateInfo::GetTPMInfo|TPM owner set: No
2018/05/18 10:05:16.984|00000F60|Information|TpmUpdate::CTPMUpdateInfo::GetTPMInfo|GetTMPFirmwareImageInfo returns 0x00000000
2018/05/18 10:05:18.283|00000F60|Information|CTpmUpdateApp::ShowError|Kan geen geldig TPM BIN-bestand vinden om de firmware over te zetten. Controleer de firmware-versie om te controleren of er een update vereist is voor de firmware.
2018/05/18 10:05:18.354|00000F60|Information|CTpmUpdateApp::ExitInstance|HPTPMFWUpdate Return Code = 257
2018/05/18 10:05:18.458|00000F60|Information|CTpmUpdateApp::ExitInstance|******************   End of HP TPM FW Update session    ******************
